{"/Users/elghalbzouriadnan/Documents/OpenClassrooms/Projects/project_9_Billed/front/src/constants/routes.js": {"path":"/Users/elghalbzouriadnan/Documents/OpenClassrooms/Projects/project_9_Billed/front/src/constants/routes.js","statementMap":{"0":{"start":{"line":6,"column":27},"end":{"line":11,"column":1}},"1":{"start":{"line":13,"column":22},"end":{"line":26,"column":1}},"2":{"start":{"line":14,"column":2},"end":{"line":25,"column":3}},"3":{"start":{"line":16,"column":6},"end":{"line":16,"column":46}},"4":{"start":{"line":18,"column":6},"end":{"line":18,"column":46}},"5":{"start":{"line":20,"column":6},"end":{"line":20,"column":24}},"6":{"start":{"line":22,"column":6},"end":{"line":22,"column":50}},"7":{"start":{"line":24,"column":6},"end":{"line":24,"column":46}}},"fnMap":{"0":{"name":"(anonymous_0)","decl":{"start":{"line":13,"column":22},"end":{"line":13,"column":23}},"loc":{"start":{"line":13,"column":62},"end":{"line":26,"column":1}},"line":13}},"branchMap":{"0":{"loc":{"start":{"line":14,"column":2},"end":{"line":25,"column":3}},"type":"switch","locations":[{"start":{"line":15,"column":4},"end":{"line":16,"column":46}},{"start":{"line":17,"column":4},"end":{"line":18,"column":46}},{"start":{"line":19,"column":4},"end":{"line":20,"column":24}},{"start":{"line":21,"column":4},"end":{"line":22,"column":50}},{"start":{"line":23,"column":4},"end":{"line":24,"column":46}}],"line":14}},"s":{"0":6,"1":6,"2":47,"3":13,"4":17,"5":4,"6":12,"7":1},"f":{"0":47},"b":{"0":[13,17,4,12,1]},"_coverageSchema":"1a1c01bbd47fc00a2c39e90264f33305004495a9","hash":"1f858d05af672ce4302bcd1d3cb0930fa17d09fa"}
,"/Users/elghalbzouriadnan/Documents/OpenClassrooms/Projects/project_9_Billed/front/src/constants/usersTest.js": {"path":"/Users/elghalbzouriadnan/Documents/OpenClassrooms/Projects/project_9_Billed/front/src/constants/usersTest.js","statementMap":{},"fnMap":{},"branchMap":{},"s":{},"f":{},"b":{},"_coverageSchema":"1a1c01bbd47fc00a2c39e90264f33305004495a9","hash":"9dd0bee754ca9a241f9c376adb758f64e29e3427"}
,"/Users/elghalbzouriadnan/Documents/OpenClassrooms/Projects/project_9_Billed/front/src/containers/Bills.js": {"path":"/Users/elghalbzouriadnan/Documents/OpenClassrooms/Projects/project_9_Billed/front/src/containers/Bills.js","statementMap":{"0":{"start":{"line":9,"column":4},"end":{"line":9,"column":28}},"1":{"start":{"line":10,"column":4},"end":{"line":10,"column":32}},"2":{"start":{"line":11,"column":4},"end":{"line":11,"column":23}},"3":{"start":{"line":13,"column":26},"end":{"line":13,"column":86}},"4":{"start":{"line":15,"column":4},"end":{"line":15,"column":87}},"5":{"start":{"line":15,"column":23},"end":{"line":15,"column":87}},"6":{"start":{"line":17,"column":20},"end":{"line":17,"column":76}},"7":{"start":{"line":19,"column":4},"end":{"line":21,"column":7}},"8":{"start":{"line":19,"column":17},"end":{"line":21,"column":7}},"9":{"start":{"line":20,"column":6},"end":{"line":20,"column":73}},"10":{"start":{"line":20,"column":43},"end":{"line":20,"column":72}},"11":{"start":{"line":23,"column":4},"end":{"line":23,"column":54}},"12":{"start":{"line":26,"column":23},"end":{"line":28,"column":3}},"13":{"start":{"line":27,"column":4},"end":{"line":27,"column":43}},"14":{"start":{"line":30,"column":23},"end":{"line":36,"column":3}},"15":{"start":{"line":31,"column":20},"end":{"line":31,"column":54}},"16":{"start":{"line":33,"column":21},"end":{"line":33,"column":63}},"17":{"start":{"line":34,"column":4},"end":{"line":34,"column":168}},"18":{"start":{"line":35,"column":4},"end":{"line":35,"column":34}},"19":{"start":{"line":39,"column":13},"end":{"line":69,"column":3}},"20":{"start":{"line":40,"column":4},"end":{"line":68,"column":5}},"21":{"start":{"line":41,"column":6},"end":{"line":67,"column":10}},"22":{"start":{"line":45,"column":24},"end":{"line":64,"column":14}},"23":{"start":{"line":47,"column":14},"end":{"line":63,"column":15}},"24":{"start":{"line":48,"column":16},"end":{"line":52,"column":17}},"25":{"start":{"line":56,"column":14},"end":{"line":56,"column":38}},"26":{"start":{"line":57,"column":16},"end":{"line":57,"column":42}},"27":{"start":{"line":58,"column":16},"end":{"line":62,"column":17}},"28":{"start":{"line":65,"column":10},"end":{"line":65,"column":45}},"29":{"start":{"line":66,"column":10},"end":{"line":66,"column":22}}},"fnMap":{"0":{"name":"(anonymous_0)","decl":{"start":{"line":8,"column":2},"end":{"line":8,"column":3}},"loc":{"start":{"line":8,"column":61},"end":{"line":24,"column":3}},"line":8},"1":{"name":"(anonymous_1)","decl":{"start":{"line":19,"column":33},"end":{"line":19,"column":34}},"loc":{"start":{"line":19,"column":41},"end":{"line":21,"column":5}},"line":19},"2":{"name":"(anonymous_2)","decl":{"start":{"line":20,"column":37},"end":{"line":20,"column":38}},"loc":{"start":{"line":20,"column":43},"end":{"line":20,"column":72}},"line":20},"3":{"name":"(anonymous_3)","decl":{"start":{"line":26,"column":23},"end":{"line":26,"column":24}},"loc":{"start":{"line":26,"column":29},"end":{"line":28,"column":3}},"line":26},"4":{"name":"(anonymous_4)","decl":{"start":{"line":30,"column":23},"end":{"line":30,"column":24}},"loc":{"start":{"line":30,"column":33},"end":{"line":36,"column":3}},"line":30},"5":{"name":"(anonymous_5)","decl":{"start":{"line":39,"column":13},"end":{"line":39,"column":14}},"loc":{"start":{"line":39,"column":19},"end":{"line":69,"column":3}},"line":39},"6":{"name":"(anonymous_6)","decl":{"start":{"line":44,"column":14},"end":{"line":44,"column":15}},"loc":{"start":{"line":44,"column":26},"end":{"line":67,"column":9}},"line":44},"7":{"name":"(anonymous_7)","decl":{"start":{"line":46,"column":17},"end":{"line":46,"column":18}},"loc":{"start":{"line":46,"column":24},"end":{"line":64,"column":13}},"line":46}},"branchMap":{"0":{"loc":{"start":{"line":15,"column":4},"end":{"line":15,"column":87}},"type":"if","locations":[{"start":{"line":15,"column":4},"end":{"line":15,"column":87}},{"start":{"line":15,"column":4},"end":{"line":15,"column":87}}],"line":15},"1":{"loc":{"start":{"line":19,"column":4},"end":{"line":21,"column":7}},"type":"if","locations":[{"start":{"line":19,"column":4},"end":{"line":21,"column":7}},{"start":{"line":19,"column":4},"end":{"line":21,"column":7}}],"line":19},"2":{"loc":{"start":{"line":40,"column":4},"end":{"line":68,"column":5}},"type":"if","locations":[{"start":{"line":40,"column":4},"end":{"line":68,"column":5}},{"start":{"line":40,"column":4},"end":{"line":68,"column":5}}],"line":40}},"s":{"0":30,"1":30,"2":30,"3":30,"4":30,"5":30,"6":30,"7":30,"8":30,"9":146,"10":0,"11":30,"12":30,"13":3,"14":30,"15":0,"16":0,"17":0,"18":0,"19":30,"20":12,"21":12,"22":10,"23":40,"24":40,"25":0,"26":0,"27":0,"28":10,"29":10},"f":{"0":30,"1":146,"2":0,"3":3,"4":0,"5":12,"6":10,"7":40},"b":{"0":[30,0],"1":[30,0],"2":[12,0]},"_coverageSchema":"1a1c01bbd47fc00a2c39e90264f33305004495a9","hash":"5d0f8012af8c2ef77e6f78ca29a43849bd956938"}
,"/Users/elghalbzouriadnan/Documents/OpenClassrooms/Projects/project_9_Billed/front/src/containers/Dashboard.js": {"path":"/Users/elghalbzouriadnan/Documents/OpenClassrooms/Projects/project_9_Billed/front/src/containers/Dashboard.js","statementMap":{"0":{"start":{"line":10,"column":29},"end":{"line":35,"column":1}},"1":{"start":{"line":12,"column":2},"end":{"line":34,"column":11}},"2":{"start":{"line":18,"column":6},"end":{"line":31,"column":7}},"3":{"start":{"line":20,"column":8},"end":{"line":20,"column":50}},"4":{"start":{"line":26,"column":26},"end":{"line":26,"column":72}},"5":{"start":{"line":28,"column":8},"end":{"line":30,"column":58}},"6":{"start":{"line":33,"column":6},"end":{"line":33,"column":28}},"7":{"start":{"line":41,"column":20},"end":{"line":66,"column":1}},"8":{"start":{"line":43,"column":28},"end":{"line":43,"column":52}},"9":{"start":{"line":44,"column":20},"end":{"line":45,"column":40}},"10":{"start":{"line":46,"column":19},"end":{"line":47,"column":55}},"11":{"start":{"line":50,"column":2},"end":{"line":65,"column":4}},"12":{"start":{"line":71,"column":21},"end":{"line":77,"column":1}},"13":{"start":{"line":73,"column":2},"end":{"line":76,"column":47}},"14":{"start":{"line":76,"column":22},"end":{"line":76,"column":32}},"15":{"start":{"line":82,"column":25},"end":{"line":98,"column":1}},"16":{"start":{"line":84,"column":2},"end":{"line":97,"column":3}},"17":{"start":{"line":87,"column":6},"end":{"line":87,"column":23}},"18":{"start":{"line":90,"column":6},"end":{"line":90,"column":24}},"19":{"start":{"line":93,"column":6},"end":{"line":93,"column":23}},"20":{"start":{"line":96,"column":6},"end":{"line":96,"column":23}},"21":{"start":{"line":106,"column":4},"end":{"line":106,"column":28}},"22":{"start":{"line":107,"column":4},"end":{"line":107,"column":32}},"23":{"start":{"line":108,"column":4},"end":{"line":108,"column":22}},"24":{"start":{"line":111,"column":4},"end":{"line":111,"column":71}},"25":{"start":{"line":111,"column":35},"end":{"line":111,"column":70}},"26":{"start":{"line":112,"column":4},"end":{"line":112,"column":71}},"27":{"start":{"line":112,"column":35},"end":{"line":112,"column":70}},"28":{"start":{"line":113,"column":4},"end":{"line":113,"column":71}},"29":{"start":{"line":113,"column":35},"end":{"line":113,"column":70}},"30":{"start":{"line":116,"column":4},"end":{"line":116,"column":44}},"31":{"start":{"line":121,"column":23},"end":{"line":133,"column":3}},"32":{"start":{"line":123,"column":20},"end":{"line":123,"column":58}},"33":{"start":{"line":126,"column":21},"end":{"line":126,"column":69}},"34":{"start":{"line":129,"column":4},"end":{"line":129,"column":144}},"35":{"start":{"line":132,"column":4},"end":{"line":132,"column":96}},"36":{"start":{"line":132,"column":60},"end":{"line":132,"column":96}},"37":{"start":{"line":141,"column":4},"end":{"line":141,"column":75}},"38":{"start":{"line":141,"column":59},"end":{"line":141,"column":75}},"39":{"start":{"line":142,"column":4},"end":{"line":142,"column":71}},"40":{"start":{"line":142,"column":54},"end":{"line":142,"column":71}},"41":{"start":{"line":145,"column":4},"end":{"line":164,"column":5}},"42":{"start":{"line":147,"column":6},"end":{"line":149,"column":8}},"43":{"start":{"line":148,"column":8},"end":{"line":148,"column":61}},"44":{"start":{"line":150,"column":6},"end":{"line":150,"column":62}},"45":{"start":{"line":151,"column":6},"end":{"line":151,"column":70}},"46":{"start":{"line":152,"column":6},"end":{"line":152,"column":52}},"47":{"start":{"line":153,"column":6},"end":{"line":153,"column":21}},"48":{"start":{"line":156,"column":6},"end":{"line":156,"column":63}},"49":{"start":{"line":158,"column":6},"end":{"line":160,"column":9}},"50":{"start":{"line":162,"column":6},"end":{"line":162,"column":53}},"51":{"start":{"line":163,"column":6},"end":{"line":163,"column":21}},"52":{"start":{"line":167,"column":4},"end":{"line":167,"column":51}},"53":{"start":{"line":168,"column":4},"end":{"line":168,"column":72}},"54":{"start":{"line":168,"column":39},"end":{"line":168,"column":71}},"55":{"start":{"line":169,"column":4},"end":{"line":169,"column":72}},"56":{"start":{"line":169,"column":39},"end":{"line":169,"column":71}},"57":{"start":{"line":175,"column":23},"end":{"line":189,"column":3}},"58":{"start":{"line":178,"column":20},"end":{"line":182,"column":5}},"59":{"start":{"line":185,"column":4},"end":{"line":185,"column":28}},"60":{"start":{"line":188,"column":4},"end":{"line":188,"column":45}},"61":{"start":{"line":194,"column":23},"end":{"line":208,"column":3}},"62":{"start":{"line":197,"column":20},"end":{"line":201,"column":5}},"63":{"start":{"line":204,"column":4},"end":{"line":204,"column":28}},"64":{"start":{"line":207,"column":4},"end":{"line":207,"column":45}},"65":{"start":{"line":215,"column":4},"end":{"line":215,"column":76}},"66":{"start":{"line":215,"column":60},"end":{"line":215,"column":76}},"67":{"start":{"line":216,"column":4},"end":{"line":216,"column":76}},"68":{"start":{"line":216,"column":58},"end":{"line":216,"column":76}},"69":{"start":{"line":220,"column":4},"end":{"line":244,"column":5}},"70":{"start":{"line":225,"column":6},"end":{"line":225,"column":70}},"71":{"start":{"line":228,"column":6},"end":{"line":228,"column":104}},"72":{"start":{"line":231,"column":6},"end":{"line":231,"column":20}},"73":{"start":{"line":237,"column":6},"end":{"line":237,"column":71}},"74":{"start":{"line":240,"column":6},"end":{"line":240,"column":56}},"75":{"start":{"line":243,"column":6},"end":{"line":243,"column":20}},"76":{"start":{"line":248,"column":4},"end":{"line":250,"column":6}},"77":{"start":{"line":249,"column":6},"end":{"line":249,"column":89}},"78":{"start":{"line":249,"column":51},"end":{"line":249,"column":88}},"79":{"start":{"line":253,"column":4},"end":{"line":253,"column":16}},"80":{"start":{"line":260,"column":21},"end":{"line":286,"column":3}},"81":{"start":{"line":262,"column":4},"end":{"line":285,"column":5}},"82":{"start":{"line":265,"column":6},"end":{"line":284,"column":11}},"83":{"start":{"line":271,"column":24},"end":{"line":277,"column":15}},"84":{"start":{"line":272,"column":25},"end":{"line":277,"column":13}},"85":{"start":{"line":279,"column":10},"end":{"line":279,"column":23}},"86":{"start":{"line":283,"column":10},"end":{"line":283,"column":22}}},"fnMap":{"0":{"name":"(anonymous_0)","decl":{"start":{"line":10,"column":29},"end":{"line":10,"column":30}},"loc":{"start":{"line":10,"column":47},"end":{"line":35,"column":1}},"line":10},"1":{"name":"(anonymous_1)","decl":{"start":{"line":14,"column":16},"end":{"line":14,"column":17}},"loc":{"start":{"line":14,"column":24},"end":{"line":34,"column":5}},"line":14},"2":{"name":"(anonymous_2)","decl":{"start":{"line":41,"column":20},"end":{"line":41,"column":21}},"loc":{"start":{"line":41,"column":30},"end":{"line":66,"column":1}},"line":41},"3":{"name":"(anonymous_3)","decl":{"start":{"line":71,"column":21},"end":{"line":71,"column":22}},"loc":{"start":{"line":71,"column":32},"end":{"line":77,"column":1}},"line":71},"4":{"name":"(anonymous_4)","decl":{"start":{"line":76,"column":14},"end":{"line":76,"column":15}},"loc":{"start":{"line":76,"column":22},"end":{"line":76,"column":32}},"line":76},"5":{"name":"(anonymous_5)","decl":{"start":{"line":82,"column":25},"end":{"line":82,"column":26}},"loc":{"start":{"line":82,"column":36},"end":{"line":98,"column":1}},"line":82},"6":{"name":"(anonymous_6)","decl":{"start":{"line":104,"column":2},"end":{"line":104,"column":3}},"loc":{"start":{"line":104,"column":68},"end":{"line":117,"column":3}},"line":104},"7":{"name":"(anonymous_7)","decl":{"start":{"line":111,"column":28},"end":{"line":111,"column":29}},"loc":{"start":{"line":111,"column":35},"end":{"line":111,"column":70}},"line":111},"8":{"name":"(anonymous_8)","decl":{"start":{"line":112,"column":28},"end":{"line":112,"column":29}},"loc":{"start":{"line":112,"column":35},"end":{"line":112,"column":70}},"line":112},"9":{"name":"(anonymous_9)","decl":{"start":{"line":113,"column":28},"end":{"line":113,"column":29}},"loc":{"start":{"line":113,"column":35},"end":{"line":113,"column":70}},"line":113},"10":{"name":"(anonymous_10)","decl":{"start":{"line":121,"column":23},"end":{"line":121,"column":24}},"loc":{"start":{"line":121,"column":29},"end":{"line":133,"column":3}},"line":121},"11":{"name":"(anonymous_11)","decl":{"start":{"line":138,"column":2},"end":{"line":138,"column":3}},"loc":{"start":{"line":138,"column":35},"end":{"line":170,"column":3}},"line":138},"12":{"name":"(anonymous_12)","decl":{"start":{"line":147,"column":20},"end":{"line":147,"column":21}},"loc":{"start":{"line":147,"column":25},"end":{"line":149,"column":7}},"line":147},"13":{"name":"(anonymous_13)","decl":{"start":{"line":168,"column":32},"end":{"line":168,"column":33}},"loc":{"start":{"line":168,"column":39},"end":{"line":168,"column":71}},"line":168},"14":{"name":"(anonymous_14)","decl":{"start":{"line":169,"column":32},"end":{"line":169,"column":33}},"loc":{"start":{"line":169,"column":39},"end":{"line":169,"column":71}},"line":169},"15":{"name":"(anonymous_15)","decl":{"start":{"line":175,"column":23},"end":{"line":175,"column":24}},"loc":{"start":{"line":175,"column":36},"end":{"line":189,"column":3}},"line":175},"16":{"name":"(anonymous_16)","decl":{"start":{"line":194,"column":23},"end":{"line":194,"column":24}},"loc":{"start":{"line":194,"column":36},"end":{"line":208,"column":3}},"line":194},"17":{"name":"(anonymous_17)","decl":{"start":{"line":212,"column":2},"end":{"line":212,"column":3}},"loc":{"start":{"line":212,"column":37},"end":{"line":254,"column":3}},"line":212},"18":{"name":"(anonymous_18)","decl":{"start":{"line":248,"column":18},"end":{"line":248,"column":19}},"loc":{"start":{"line":248,"column":26},"end":{"line":250,"column":5}},"line":248},"19":{"name":"(anonymous_19)","decl":{"start":{"line":249,"column":44},"end":{"line":249,"column":45}},"loc":{"start":{"line":249,"column":51},"end":{"line":249,"column":88}},"line":249},"20":{"name":"(anonymous_20)","decl":{"start":{"line":260,"column":21},"end":{"line":260,"column":22}},"loc":{"start":{"line":260,"column":27},"end":{"line":286,"column":3}},"line":260},"21":{"name":"(anonymous_21)","decl":{"start":{"line":268,"column":14},"end":{"line":268,"column":15}},"loc":{"start":{"line":268,"column":26},"end":{"line":280,"column":9}},"line":268},"22":{"name":"(anonymous_22)","decl":{"start":{"line":272,"column":17},"end":{"line":272,"column":18}},"loc":{"start":{"line":272,"column":25},"end":{"line":277,"column":13}},"line":272},"23":{"name":"(anonymous_23)","decl":{"start":{"line":281,"column":15},"end":{"line":281,"column":16}},"loc":{"start":{"line":281,"column":24},"end":{"line":284,"column":9}},"line":281}},"branchMap":{"0":{"loc":{"start":{"line":12,"column":9},"end":{"line":34,"column":11}},"type":"cond-expr","locations":[{"start":{"line":14,"column":4},"end":{"line":34,"column":6}},{"start":{"line":34,"column":9},"end":{"line":34,"column":11}}],"line":12},"1":{"loc":{"start":{"line":12,"column":10},"end":{"line":12,"column":29}},"type":"binary-expr","locations":[{"start":{"line":12,"column":10},"end":{"line":12,"column":14}},{"start":{"line":12,"column":18},"end":{"line":12,"column":29}}],"line":12},"2":{"loc":{"start":{"line":18,"column":6},"end":{"line":31,"column":7}},"type":"if","locations":[{"start":{"line":18,"column":6},"end":{"line":31,"column":7}},{"start":{"line":18,"column":6},"end":{"line":31,"column":7}}],"line":18},"3":{"loc":{"start":{"line":29,"column":10},"end":{"line":30,"column":58}},"type":"binary-expr","locations":[{"start":{"line":29,"column":11},"end":{"line":29,"column":33}},{"start":{"line":30,"column":10},"end":{"line":30,"column":58}}],"line":29},"4":{"loc":{"start":{"line":44,"column":20},"end":{"line":45,"column":40}},"type":"cond-expr","locations":[{"start":{"line":45,"column":4},"end":{"line":45,"column":35}},{"start":{"line":45,"column":38},"end":{"line":45,"column":40}}],"line":44},"5":{"loc":{"start":{"line":46,"column":19},"end":{"line":47,"column":55}},"type":"cond-expr","locations":[{"start":{"line":47,"column":4},"end":{"line":47,"column":35}},{"start":{"line":47,"column":38},"end":{"line":47,"column":55}}],"line":46},"6":{"loc":{"start":{"line":73,"column":9},"end":{"line":76,"column":47}},"type":"cond-expr","locations":[{"start":{"line":76,"column":4},"end":{"line":76,"column":42}},{"start":{"line":76,"column":45},"end":{"line":76,"column":47}}],"line":73},"7":{"loc":{"start":{"line":73,"column":9},"end":{"line":73,"column":30}},"type":"binary-expr","locations":[{"start":{"line":73,"column":9},"end":{"line":73,"column":14}},{"start":{"line":73,"column":18},"end":{"line":73,"column":30}}],"line":73},"8":{"loc":{"start":{"line":84,"column":2},"end":{"line":97,"column":3}},"type":"switch","locations":[{"start":{"line":85,"column":4},"end":{"line":87,"column":23}},{"start":{"line":88,"column":4},"end":{"line":90,"column":24}},{"start":{"line":91,"column":4},"end":{"line":93,"column":23}},{"start":{"line":94,"column":4},"end":{"line":96,"column":23}}],"line":84},"9":{"loc":{"start":{"line":132,"column":4},"end":{"line":132,"column":96}},"type":"if","locations":[{"start":{"line":132,"column":4},"end":{"line":132,"column":96}},{"start":{"line":132,"column":4},"end":{"line":132,"column":96}}],"line":132},"10":{"loc":{"start":{"line":141,"column":4},"end":{"line":141,"column":75}},"type":"if","locations":[{"start":{"line":141,"column":4},"end":{"line":141,"column":75}},{"start":{"line":141,"column":4},"end":{"line":141,"column":75}}],"line":141},"11":{"loc":{"start":{"line":141,"column":8},"end":{"line":141,"column":57}},"type":"binary-expr","locations":[{"start":{"line":141,"column":8},"end":{"line":141,"column":34}},{"start":{"line":141,"column":38},"end":{"line":141,"column":57}}],"line":141},"12":{"loc":{"start":{"line":142,"column":4},"end":{"line":142,"column":71}},"type":"if","locations":[{"start":{"line":142,"column":4},"end":{"line":142,"column":71}},{"start":{"line":142,"column":4},"end":{"line":142,"column":71}}],"line":142},"13":{"loc":{"start":{"line":142,"column":8},"end":{"line":142,"column":52}},"type":"binary-expr","locations":[{"start":{"line":142,"column":8},"end":{"line":142,"column":29}},{"start":{"line":142,"column":33},"end":{"line":142,"column":52}}],"line":142},"14":{"loc":{"start":{"line":145,"column":4},"end":{"line":164,"column":5}},"type":"if","locations":[{"start":{"line":145,"column":4},"end":{"line":164,"column":5}},{"start":{"line":145,"column":4},"end":{"line":164,"column":5}}],"line":145},"15":{"loc":{"start":{"line":215,"column":4},"end":{"line":215,"column":76}},"type":"if","locations":[{"start":{"line":215,"column":4},"end":{"line":215,"column":76}},{"start":{"line":215,"column":4},"end":{"line":215,"column":76}}],"line":215},"16":{"loc":{"start":{"line":215,"column":8},"end":{"line":215,"column":58}},"type":"binary-expr","locations":[{"start":{"line":215,"column":8},"end":{"line":215,"column":34}},{"start":{"line":215,"column":38},"end":{"line":215,"column":58}}],"line":215},"17":{"loc":{"start":{"line":216,"column":4},"end":{"line":216,"column":76}},"type":"if","locations":[{"start":{"line":216,"column":4},"end":{"line":216,"column":76}},{"start":{"line":216,"column":4},"end":{"line":216,"column":76}}],"line":216},"18":{"loc":{"start":{"line":216,"column":8},"end":{"line":216,"column":56}},"type":"binary-expr","locations":[{"start":{"line":216,"column":8},"end":{"line":216,"column":32}},{"start":{"line":216,"column":36},"end":{"line":216,"column":56}}],"line":216},"19":{"loc":{"start":{"line":220,"column":4},"end":{"line":244,"column":5}},"type":"if","locations":[{"start":{"line":220,"column":4},"end":{"line":244,"column":5}},{"start":{"line":220,"column":4},"end":{"line":244,"column":5}}],"line":220},"20":{"loc":{"start":{"line":262,"column":4},"end":{"line":285,"column":5}},"type":"if","locations":[{"start":{"line":262,"column":4},"end":{"line":285,"column":5}},{"start":{"line":262,"column":4},"end":{"line":285,"column":5}}],"line":262}},"s":{"0":6,"1":44,"2":104,"3":104,"4":0,"5":0,"6":104,"7":6,"8":6,"9":6,"10":6,"11":6,"12":6,"13":6,"14":6,"15":6,"16":5,"17":3,"18":1,"19":1,"20":0,"21":14,"22":14,"23":14,"24":14,"25":0,"26":14,"27":0,"28":14,"29":0,"30":14,"31":14,"32":1,"33":1,"34":1,"35":1,"36":0,"37":3,"38":2,"39":3,"40":2,"41":3,"42":2,"43":8,"44":2,"45":2,"46":2,"47":2,"48":1,"49":1,"50":1,"51":1,"52":3,"53":3,"54":0,"55":3,"56":0,"57":14,"58":1,"59":1,"60":1,"61":14,"62":1,"63":1,"64":1,"65":5,"66":5,"67":5,"68":5,"69":5,"70":5,"71":5,"72":5,"73":0,"74":0,"75":0,"76":5,"77":20,"78":3,"79":5,"80":14,"81":5,"82":5,"83":3,"84":12,"85":3,"86":2},"f":{"0":44,"1":104,"2":6,"3":6,"4":6,"5":5,"6":14,"7":0,"8":0,"9":0,"10":1,"11":3,"12":8,"13":0,"14":0,"15":1,"16":1,"17":5,"18":20,"19":3,"20":5,"21":3,"22":12,"23":2},"b":{"0":[26,18],"1":[44,26],"2":[104,0],"3":[0,0],"4":[0,6],"5":[0,6],"6":[5,1],"7":[6,6],"8":[3,1,1,0],"9":[0,1],"10":[2,1],"11":[3,3],"12":[2,1],"13":[3,1],"14":[2,1],"15":[5,0],"16":[5,2],"17":[5,0],"18":[5,2],"19":[5,0],"20":[5,0]},"_coverageSchema":"1a1c01bbd47fc00a2c39e90264f33305004495a9","hash":"cc2d2c080fd4d160e8564d32b2c50eeb038299ac"}
,"/Users/elghalbzouriadnan/Documents/OpenClassrooms/Projects/project_9_Billed/front/src/containers/Login.js": {"path":"/Users/elghalbzouriadnan/Documents/OpenClassrooms/Projects/project_9_Billed/front/src/containers/Login.js","statementMap":{"0":{"start":{"line":3,"column":31},"end":{"line":3,"column":33}},"1":{"start":{"line":8,"column":4},"end":{"line":8,"column":28}},"2":{"start":{"line":9,"column":4},"end":{"line":9,"column":36}},"3":{"start":{"line":10,"column":4},"end":{"line":10,"column":32}},"4":{"start":{"line":11,"column":4},"end":{"line":11,"column":46}},"5":{"start":{"line":12,"column":4},"end":{"line":12,"column":22}},"6":{"start":{"line":13,"column":25},"end":{"line":13,"column":89}},"7":{"start":{"line":14,"column":4},"end":{"line":14,"column":70}},"8":{"start":{"line":15,"column":22},"end":{"line":15,"column":83}},"9":{"start":{"line":16,"column":4},"end":{"line":16,"column":64}},"10":{"start":{"line":18,"column":25},"end":{"line":38,"column":3}},"11":{"start":{"line":19,"column":4},"end":{"line":19,"column":22}},"12":{"start":{"line":20,"column":17},"end":{"line":25,"column":5}},"13":{"start":{"line":26,"column":4},"end":{"line":26,"column":59}},"14":{"start":{"line":27,"column":4},"end":{"line":36,"column":8}},"15":{"start":{"line":29,"column":17},"end":{"line":29,"column":38}},"16":{"start":{"line":32,"column":8},"end":{"line":32,"column":45}},"17":{"start":{"line":33,"column":8},"end":{"line":33,"column":53}},"18":{"start":{"line":34,"column":8},"end":{"line":34,"column":50}},"19":{"start":{"line":35,"column":8},"end":{"line":35,"column":55}},"20":{"start":{"line":40,"column":22},"end":{"line":60,"column":3}},"21":{"start":{"line":41,"column":4},"end":{"line":41,"column":22}},"22":{"start":{"line":42,"column":17},"end":{"line":48,"column":5}},"23":{"start":{"line":49,"column":4},"end":{"line":49,"column":59}},"24":{"start":{"line":50,"column":4},"end":{"line":59,"column":8}},"25":{"start":{"line":52,"column":17},"end":{"line":52,"column":38}},"26":{"start":{"line":55,"column":8},"end":{"line":55,"column":49}},"27":{"start":{"line":56,"column":8},"end":{"line":56,"column":57}},"28":{"start":{"line":57,"column":8},"end":{"line":57,"column":50}},"29":{"start":{"line":58,"column":8},"end":{"line":58,"column":50}},"30":{"start":{"line":63,"column":10},"end":{"line":75,"column":3}},"31":{"start":{"line":64,"column":4},"end":{"line":74,"column":5}},"32":{"start":{"line":65,"column":6},"end":{"line":71,"column":8}},"33":{"start":{"line":70,"column":8},"end":{"line":70,"column":40}},"34":{"start":{"line":73,"column":6},"end":{"line":73,"column":17}},"35":{"start":{"line":78,"column":15},"end":{"line":95,"column":3}},"36":{"start":{"line":79,"column":4},"end":{"line":94,"column":5}},"37":{"start":{"line":80,"column":6},"end":{"line":91,"column":8}},"38":{"start":{"line":89,"column":8},"end":{"line":89,"column":57}},"39":{"start":{"line":90,"column":8},"end":{"line":90,"column":31}},"40":{"start":{"line":93,"column":6},"end":{"line":93,"column":17}}},"fnMap":{"0":{"name":"(anonymous_0)","decl":{"start":{"line":7,"column":2},"end":{"line":7,"column":3}},"loc":{"start":{"line":7,"column":80},"end":{"line":17,"column":3}},"line":7},"1":{"name":"(anonymous_1)","decl":{"start":{"line":18,"column":25},"end":{"line":18,"column":26}},"loc":{"start":{"line":18,"column":30},"end":{"line":38,"column":3}},"line":18},"2":{"name":"(anonymous_2)","decl":{"start":{"line":29,"column":8},"end":{"line":29,"column":9}},"loc":{"start":{"line":29,"column":17},"end":{"line":29,"column":38}},"line":29},"3":{"name":"(anonymous_3)","decl":{"start":{"line":31,"column":12},"end":{"line":31,"column":13}},"loc":{"start":{"line":31,"column":18},"end":{"line":36,"column":7}},"line":31},"4":{"name":"(anonymous_4)","decl":{"start":{"line":40,"column":22},"end":{"line":40,"column":23}},"loc":{"start":{"line":40,"column":27},"end":{"line":60,"column":3}},"line":40},"5":{"name":"(anonymous_5)","decl":{"start":{"line":52,"column":8},"end":{"line":52,"column":9}},"loc":{"start":{"line":52,"column":17},"end":{"line":52,"column":38}},"line":52},"6":{"name":"(anonymous_6)","decl":{"start":{"line":54,"column":12},"end":{"line":54,"column":13}},"loc":{"start":{"line":54,"column":18},"end":{"line":59,"column":7}},"line":54},"7":{"name":"(anonymous_7)","decl":{"start":{"line":63,"column":10},"end":{"line":63,"column":11}},"loc":{"start":{"line":63,"column":20},"end":{"line":75,"column":3}},"line":63},"8":{"name":"(anonymous_8)","decl":{"start":{"line":69,"column":15},"end":{"line":69,"column":16}},"loc":{"start":{"line":69,"column":26},"end":{"line":71,"column":7}},"line":69},"9":{"name":"(anonymous_9)","decl":{"start":{"line":78,"column":15},"end":{"line":78,"column":16}},"loc":{"start":{"line":78,"column":25},"end":{"line":95,"column":3}},"line":78},"10":{"name":"(anonymous_10)","decl":{"start":{"line":88,"column":12},"end":{"line":88,"column":13}},"loc":{"start":{"line":88,"column":18},"end":{"line":91,"column":7}},"line":88}},"branchMap":{"0":{"loc":{"start":{"line":64,"column":4},"end":{"line":74,"column":5}},"type":"if","locations":[{"start":{"line":64,"column":4},"end":{"line":74,"column":5}},{"start":{"line":64,"column":4},"end":{"line":74,"column":5}}],"line":64},"1":{"loc":{"start":{"line":79,"column":4},"end":{"line":94,"column":5}},"type":"if","locations":[{"start":{"line":79,"column":4},"end":{"line":94,"column":5}},{"start":{"line":79,"column":4},"end":{"line":94,"column":5}}],"line":79}},"s":{"0":3,"1":4,"2":4,"3":4,"4":4,"5":4,"6":4,"7":4,"8":4,"9":4,"10":4,"11":2,"12":2,"13":2,"14":2,"15":0,"16":2,"17":2,"18":2,"19":2,"20":4,"21":2,"22":2,"23":2,"24":2,"25":0,"26":2,"27":2,"28":2,"29":2,"30":4,"31":0,"32":0,"33":0,"34":0,"35":4,"36":0,"37":0,"38":0,"39":0,"40":0},"f":{"0":4,"1":2,"2":0,"3":2,"4":2,"5":0,"6":2,"7":0,"8":0,"9":0,"10":0},"b":{"0":[0,0],"1":[0,0]},"_coverageSchema":"1a1c01bbd47fc00a2c39e90264f33305004495a9","hash":"87d331382c6dffadb3770b1f8beebcb812346d3b"}
,"/Users/elghalbzouriadnan/Documents/OpenClassrooms/Projects/project_9_Billed/front/src/containers/Logout.js": {"path":"/Users/elghalbzouriadnan/Documents/OpenClassrooms/Projects/project_9_Billed/front/src/containers/Logout.js","statementMap":{"0":{"start":{"line":5,"column":4},"end":{"line":5,"column":28}},"1":{"start":{"line":6,"column":4},"end":{"line":6,"column":32}},"2":{"start":{"line":7,"column":4},"end":{"line":7,"column":36}},"3":{"start":{"line":8,"column":4},"end":{"line":8,"column":51}},"4":{"start":{"line":11,"column":16},"end":{"line":14,"column":3}},"5":{"start":{"line":12,"column":4},"end":{"line":12,"column":29}},"6":{"start":{"line":13,"column":4},"end":{"line":13,"column":41}}},"fnMap":{"0":{"name":"(anonymous_0)","decl":{"start":{"line":4,"column":2},"end":{"line":4,"column":3}},"loc":{"start":{"line":4,"column":54},"end":{"line":9,"column":3}},"line":4},"1":{"name":"(anonymous_1)","decl":{"start":{"line":11,"column":16},"end":{"line":11,"column":17}},"loc":{"start":{"line":11,"column":23},"end":{"line":14,"column":3}},"line":11}},"branchMap":{},"s":{"0":48,"1":48,"2":48,"3":48,"4":48,"5":2,"6":2},"f":{"0":48,"1":2},"b":{},"_coverageSchema":"1a1c01bbd47fc00a2c39e90264f33305004495a9","hash":"1caba67fa5c6c6a68adb172ae8b15a0ab5ee98d1"}
,"/Users/elghalbzouriadnan/Documents/OpenClassrooms/Projects/project_9_Billed/front/src/containers/NewBill.js": {"path":"/Users/elghalbzouriadnan/Documents/OpenClassrooms/Projects/project_9_Billed/front/src/containers/NewBill.js","statementMap":{"0":{"start":{"line":6,"column":4},"end":{"line":6,"column":28}},"1":{"start":{"line":7,"column":4},"end":{"line":7,"column":32}},"2":{"start":{"line":8,"column":4},"end":{"line":8,"column":22}},"3":{"start":{"line":9,"column":24},"end":{"line":9,"column":88}},"4":{"start":{"line":10,"column":17},"end":{"line":10,"column":73}},"5":{"start":{"line":12,"column":22},"end":{"line":12,"column":58}},"6":{"start":{"line":15,"column":4},"end":{"line":26,"column":7}},"7":{"start":{"line":16,"column":6},"end":{"line":16,"column":25}},"8":{"start":{"line":20,"column":6},"end":{"line":25,"column":7}},"9":{"start":{"line":21,"column":8},"end":{"line":21,"column":29}},"10":{"start":{"line":24,"column":8},"end":{"line":24,"column":42}},"11":{"start":{"line":28,"column":4},"end":{"line":28,"column":58}},"12":{"start":{"line":29,"column":4},"end":{"line":29,"column":23}},"13":{"start":{"line":30,"column":4},"end":{"line":30,"column":24}},"14":{"start":{"line":31,"column":4},"end":{"line":31,"column":22}},"15":{"start":{"line":32,"column":4},"end":{"line":32,"column":54}},"16":{"start":{"line":35,"column":21},"end":{"line":72,"column":3}},"17":{"start":{"line":36,"column":4},"end":{"line":36,"column":22}},"18":{"start":{"line":38,"column":22},"end":{"line":38,"column":58}},"19":{"start":{"line":39,"column":17},"end":{"line":39,"column":82}},"20":{"start":{"line":40,"column":21},"end":{"line":40,"column":48}},"21":{"start":{"line":41,"column":21},"end":{"line":41,"column":48}},"22":{"start":{"line":45,"column":6},"end":{"line":51,"column":5}},"23":{"start":{"line":46,"column":6},"end":{"line":46,"column":39}},"24":{"start":{"line":49,"column":6},"end":{"line":49,"column":40}},"25":{"start":{"line":50,"column":6},"end":{"line":50,"column":19}},"26":{"start":{"line":54,"column":21},"end":{"line":54,"column":35}},"27":{"start":{"line":55,"column":18},"end":{"line":55,"column":64}},"28":{"start":{"line":56,"column":4},"end":{"line":56,"column":33}},"29":{"start":{"line":57,"column":4},"end":{"line":57,"column":35}},"30":{"start":{"line":59,"column":4},"end":{"line":71,"column":45}},"31":{"start":{"line":68,"column":8},"end":{"line":68,"column":25}},"32":{"start":{"line":69,"column":8},"end":{"line":69,"column":30}},"33":{"start":{"line":70,"column":8},"end":{"line":70,"column":32}},"34":{"start":{"line":71,"column":24},"end":{"line":71,"column":44}},"35":{"start":{"line":73,"column":17},"end":{"line":92,"column":3}},"36":{"start":{"line":74,"column":4},"end":{"line":74,"column":22}},"37":{"start":{"line":75,"column":4},"end":{"line":75,"column":147}},"38":{"start":{"line":76,"column":18},"end":{"line":76,"column":64}},"39":{"start":{"line":77,"column":17},"end":{"line":89,"column":5}},"40":{"start":{"line":90,"column":4},"end":{"line":90,"column":25}},"41":{"start":{"line":91,"column":4},"end":{"line":91,"column":41}},"42":{"start":{"line":95,"column":15},"end":{"line":105,"column":3}},"43":{"start":{"line":96,"column":4},"end":{"line":104,"column":5}},"44":{"start":{"line":97,"column":6},"end":{"line":103,"column":43}},"45":{"start":{"line":101,"column":8},"end":{"line":101,"column":45}},"46":{"start":{"line":103,"column":22},"end":{"line":103,"column":42}}},"fnMap":{"0":{"name":"(anonymous_0)","decl":{"start":{"line":5,"column":2},"end":{"line":5,"column":3}},"loc":{"start":{"line":5,"column":61},"end":{"line":33,"column":3}},"line":5},"1":{"name":"(anonymous_1)","decl":{"start":{"line":15,"column":43},"end":{"line":15,"column":44}},"loc":{"start":{"line":15,"column":50},"end":{"line":26,"column":5}},"line":15},"2":{"name":"(anonymous_2)","decl":{"start":{"line":35,"column":21},"end":{"line":35,"column":22}},"loc":{"start":{"line":35,"column":26},"end":{"line":72,"column":3}},"line":35},"3":{"name":"(anonymous_3)","decl":{"start":{"line":67,"column":12},"end":{"line":67,"column":13}},"loc":{"start":{"line":67,"column":32},"end":{"line":71,"column":7}},"line":67},"4":{"name":"(anonymous_4)","decl":{"start":{"line":71,"column":15},"end":{"line":71,"column":16}},"loc":{"start":{"line":71,"column":24},"end":{"line":71,"column":44}},"line":71},"5":{"name":"(anonymous_5)","decl":{"start":{"line":73,"column":17},"end":{"line":73,"column":18}},"loc":{"start":{"line":73,"column":22},"end":{"line":92,"column":3}},"line":73},"6":{"name":"(anonymous_6)","decl":{"start":{"line":95,"column":15},"end":{"line":95,"column":16}},"loc":{"start":{"line":95,"column":25},"end":{"line":105,"column":3}},"line":95},"7":{"name":"(anonymous_7)","decl":{"start":{"line":100,"column":12},"end":{"line":100,"column":13}},"loc":{"start":{"line":100,"column":18},"end":{"line":102,"column":7}},"line":100},"8":{"name":"(anonymous_8)","decl":{"start":{"line":103,"column":13},"end":{"line":103,"column":14}},"loc":{"start":{"line":103,"column":22},"end":{"line":103,"column":42}},"line":103}},"branchMap":{"0":{"loc":{"start":{"line":20,"column":6},"end":{"line":25,"column":7}},"type":"if","locations":[{"start":{"line":20,"column":6},"end":{"line":25,"column":7}},{"start":{"line":20,"column":6},"end":{"line":25,"column":7}}],"line":20},"1":{"loc":{"start":{"line":45,"column":6},"end":{"line":51,"column":5}},"type":"if","locations":[{"start":{"line":45,"column":6},"end":{"line":51,"column":5}},{"start":{"line":45,"column":6},"end":{"line":51,"column":5}}],"line":45},"2":{"loc":{"start":{"line":84,"column":11},"end":{"line":84,"column":83}},"type":"binary-expr","locations":[{"start":{"line":84,"column":11},"end":{"line":84,"column":77}},{"start":{"line":84,"column":81},"end":{"line":84,"column":83}}],"line":84},"3":{"loc":{"start":{"line":96,"column":4},"end":{"line":104,"column":5}},"type":"if","locations":[{"start":{"line":96,"column":4},"end":{"line":104,"column":5}},{"start":{"line":96,"column":4},"end":{"line":104,"column":5}}],"line":96}},"s":{"0":3,"1":3,"2":3,"3":3,"4":3,"5":3,"6":3,"7":0,"8":0,"9":0,"10":0,"11":3,"12":3,"13":3,"14":3,"15":3,"16":3,"17":0,"18":0,"19":0,"20":0,"21":0,"22":0,"23":0,"24":0,"25":0,"26":0,"27":0,"28":0,"29":0,"30":0,"31":0,"32":0,"33":0,"34":0,"35":3,"36":0,"37":0,"38":0,"39":0,"40":0,"41":0,"42":3,"43":0,"44":0,"45":0,"46":0},"f":{"0":3,"1":0,"2":0,"3":0,"4":0,"5":0,"6":0,"7":0,"8":0},"b":{"0":[0,0],"1":[0,0],"2":[0,0],"3":[0,0]},"_coverageSchema":"1a1c01bbd47fc00a2c39e90264f33305004495a9","hash":"9c6009b754bd1a2333d952d80b8ec7ddde3da96f"}
,"/Users/elghalbzouriadnan/Documents/OpenClassrooms/Projects/project_9_Billed/front/src/views/Actions.js": {"path":"/Users/elghalbzouriadnan/Documents/OpenClassrooms/Projects/project_9_Billed/front/src/views/Actions.js","statementMap":{"0":{"start":{"line":5,"column":2},"end":{"line":11,"column":3}}},"fnMap":{"0":{"name":"(anonymous_0)","decl":{"start":{"line":4,"column":15},"end":{"line":4,"column":16}},"loc":{"start":{"line":4,"column":28},"end":{"line":12,"column":1}},"line":4}},"branchMap":{},"s":{"0":79},"f":{"0":79},"b":{},"_coverageSchema":"1a1c01bbd47fc00a2c39e90264f33305004495a9","hash":"bfba04e4e53fbe13d4dedd653a4aef557d57113b"}
,"/Users/elghalbzouriadnan/Documents/OpenClassrooms/Projects/project_9_Billed/front/src/views/BillsUI.js": {"path":"/Users/elghalbzouriadnan/Documents/OpenClassrooms/Projects/project_9_Billed/front/src/views/BillsUI.js","statementMap":{"0":{"start":{"line":9,"column":12},"end":{"line":23,"column":3}},"1":{"start":{"line":10,"column":2},"end":{"line":22,"column":6}},"2":{"start":{"line":26,"column":15},"end":{"line":31,"column":5}},"3":{"start":{"line":27,"column":4},"end":{"line":27,"column":21}},"4":{"start":{"line":28,"column":4},"end":{"line":30,"column":43}},"5":{"start":{"line":29,"column":22},"end":{"line":29,"column":57}},"6":{"start":{"line":30,"column":19},"end":{"line":30,"column":28}},"7":{"start":{"line":36,"column":16},"end":{"line":51,"column":4}},"8":{"start":{"line":36,"column":23},"end":{"line":51,"column":3}},"9":{"start":{"line":53,"column":2},"end":{"line":57,"column":3}},"10":{"start":{"line":54,"column":4},"end":{"line":54,"column":24}},"11":{"start":{"line":55,"column":9},"end":{"line":57,"column":3}},"12":{"start":{"line":56,"column":4},"end":{"line":56,"column":27}},"13":{"start":{"line":59,"column":2},"end":{"line":87,"column":3}}},"fnMap":{"0":{"name":"(anonymous_0)","decl":{"start":{"line":9,"column":12},"end":{"line":9,"column":13}},"loc":{"start":{"line":9,"column":22},"end":{"line":23,"column":3}},"line":9},"1":{"name":"(anonymous_1)","decl":{"start":{"line":26,"column":15},"end":{"line":26,"column":16}},"loc":{"start":{"line":26,"column":25},"end":{"line":31,"column":5}},"line":26},"2":{"name":"(anonymous_2)","decl":{"start":{"line":29,"column":12},"end":{"line":29,"column":13}},"loc":{"start":{"line":29,"column":22},"end":{"line":29,"column":57}},"line":29},"3":{"name":"(anonymous_3)","decl":{"start":{"line":30,"column":11},"end":{"line":30,"column":12}},"loc":{"start":{"line":30,"column":19},"end":{"line":30,"column":28}},"line":30},"4":{"name":"(anonymous_4)","decl":{"start":{"line":34,"column":15},"end":{"line":34,"column":16}},"loc":{"start":{"line":34,"column":52},"end":{"line":88,"column":1}},"line":34},"5":{"name":"(anonymous_5)","decl":{"start":{"line":36,"column":16},"end":{"line":36,"column":17}},"loc":{"start":{"line":36,"column":23},"end":{"line":51,"column":3}},"line":36}},"branchMap":{"0":{"loc":{"start":{"line":28,"column":11},"end":{"line":30,"column":43}},"type":"cond-expr","locations":[{"start":{"line":28,"column":35},"end":{"line":30,"column":38}},{"start":{"line":30,"column":41},"end":{"line":30,"column":43}}],"line":28},"1":{"loc":{"start":{"line":28,"column":12},"end":{"line":28,"column":31}},"type":"binary-expr","locations":[{"start":{"line":28,"column":12},"end":{"line":28,"column":16}},{"start":{"line":28,"column":20},"end":{"line":28,"column":31}}],"line":28},"2":{"loc":{"start":{"line":53,"column":2},"end":{"line":57,"column":3}},"type":"if","locations":[{"start":{"line":53,"column":2},"end":{"line":57,"column":3}},{"start":{"line":53,"column":2},"end":{"line":57,"column":3}}],"line":53},"3":{"loc":{"start":{"line":55,"column":9},"end":{"line":57,"column":3}},"type":"if","locations":[{"start":{"line":55,"column":9},"end":{"line":57,"column":3}},{"start":{"line":55,"column":9},"end":{"line":57,"column":3}}],"line":55}},"s":{"0":6,"1":77,"2":6,"3":23,"4":23,"5":90,"6":77,"7":37,"8":23,"9":37,"10":12,"11":25,"12":2,"13":23},"f":{"0":77,"1":23,"2":90,"3":77,"4":37,"5":23},"b":{"0":[20,3],"1":[23,21],"2":[12,25],"3":[2,23]},"_coverageSchema":"1a1c01bbd47fc00a2c39e90264f33305004495a9","hash":"6a7709c54bbb6884f6bdd3b2db8e1dd5295f0eb4"}
,"/Users/elghalbzouriadnan/Documents/OpenClassrooms/Projects/project_9_Billed/front/src/views/DashboardFormUI.js": {"path":"/Users/elghalbzouriadnan/Documents/OpenClassrooms/Projects/project_9_Billed/front/src/views/DashboardFormUI.js","statementMap":{"0":{"start":{"line":7,"column":21},"end":{"line":22,"column":4}},"1":{"start":{"line":7,"column":28},"end":{"line":22,"column":3}},"2":{"start":{"line":26,"column":2},"end":{"line":101,"column":4}}},"fnMap":{"0":{"name":"(anonymous_0)","decl":{"start":{"line":7,"column":21},"end":{"line":7,"column":22}},"loc":{"start":{"line":7,"column":28},"end":{"line":22,"column":3}},"line":7},"1":{"name":"(anonymous_1)","decl":{"start":{"line":24,"column":15},"end":{"line":24,"column":16}},"loc":{"start":{"line":24,"column":25},"end":{"line":102,"column":1}},"line":24}},"branchMap":{"0":{"loc":{"start":{"line":79,"column":9},"end":{"line":89,"column":9}},"type":"cond-expr","locations":[{"start":{"line":79,"column":38},"end":{"line":84,"column":8}},{"start":{"line":84,"column":13},"end":{"line":89,"column":8}}],"line":79},"1":{"loc":{"start":{"line":92,"column":8},"end":{"line":97,"column":13}},"type":"cond-expr","locations":[{"start":{"line":92,"column":37},"end":{"line":97,"column":7}},{"start":{"line":97,"column":11},"end":{"line":97,"column":13}}],"line":92}},"s":{"0":7,"1":9,"2":9},"f":{"0":9,"1":9},"b":{"0":[6,3],"1":[6,3]},"_coverageSchema":"1a1c01bbd47fc00a2c39e90264f33305004495a9","hash":"c561232e924d414ad966de862330a164c98b01f8"}
,"/Users/elghalbzouriadnan/Documents/OpenClassrooms/Projects/project_9_Billed/front/src/views/DashboardUI.js": {"path":"/Users/elghalbzouriadnan/Documents/OpenClassrooms/Projects/project_9_Billed/front/src/views/DashboardUI.js","statementMap":{"0":{"start":{"line":10,"column":2},"end":{"line":14,"column":3}},"1":{"start":{"line":11,"column":4},"end":{"line":11,"column":24}},"2":{"start":{"line":12,"column":9},"end":{"line":14,"column":3}},"3":{"start":{"line":13,"column":4},"end":{"line":13,"column":27}},"4":{"start":{"line":16,"column":2},"end":{"line":48,"column":3}}},"fnMap":{"0":{"name":"(anonymous_0)","decl":{"start":{"line":8,"column":15},"end":{"line":8,"column":16}},"loc":{"start":{"line":8,"column":45},"end":{"line":49,"column":1}},"line":8}},"branchMap":{"0":{"loc":{"start":{"line":10,"column":2},"end":{"line":14,"column":3}},"type":"if","locations":[{"start":{"line":10,"column":2},"end":{"line":14,"column":3}},{"start":{"line":10,"column":2},"end":{"line":14,"column":3}}],"line":10},"1":{"loc":{"start":{"line":12,"column":9},"end":{"line":14,"column":3}},"type":"if","locations":[{"start":{"line":12,"column":9},"end":{"line":14,"column":3}},{"start":{"line":12,"column":9},"end":{"line":14,"column":3}}],"line":12},"2":{"loc":{"start":{"line":22,"column":45},"end":{"line":22,"column":63}},"type":"binary-expr","locations":[{"start":{"line":22,"column":45},"end":{"line":22,"column":49}},{"start":{"line":22,"column":53},"end":{"line":22,"column":63}}],"line":22},"3":{"loc":{"start":{"line":29,"column":43},"end":{"line":29,"column":61}},"type":"binary-expr","locations":[{"start":{"line":29,"column":43},"end":{"line":29,"column":47}},{"start":{"line":29,"column":51},"end":{"line":29,"column":61}}],"line":29},"4":{"loc":{"start":{"line":36,"column":43},"end":{"line":36,"column":61}},"type":"binary-expr","locations":[{"start":{"line":36,"column":43},"end":{"line":36,"column":47}},{"start":{"line":36,"column":51},"end":{"line":36,"column":61}}],"line":36}},"s":{"0":21,"1":6,"2":15,"3":3,"4":12},"f":{"0":21},"b":{"0":[6,15],"1":[3,12],"2":[12,7],"3":[12,7],"4":[12,7]},"_coverageSchema":"1a1c01bbd47fc00a2c39e90264f33305004495a9","hash":"ecf85becb8449c37fda1f1ba2cba7e21bdb21fd0"}
,"/Users/elghalbzouriadnan/Documents/OpenClassrooms/Projects/project_9_Billed/front/src/views/ErrorPage.js": {"path":"/Users/elghalbzouriadnan/Documents/OpenClassrooms/Projects/project_9_Billed/front/src/views/ErrorPage.js","statementMap":{"0":{"start":{"line":4,"column":2},"end":{"line":15,"column":3}}},"fnMap":{"0":{"name":"(anonymous_0)","decl":{"start":{"line":3,"column":15},"end":{"line":3,"column":16}},"loc":{"start":{"line":3,"column":26},"end":{"line":16,"column":1}},"line":3}},"branchMap":{"0":{"loc":{"start":{"line":12,"column":12},"end":{"line":12,"column":30}},"type":"cond-expr","locations":[{"start":{"line":12,"column":20},"end":{"line":12,"column":25}},{"start":{"line":12,"column":28},"end":{"line":12,"column":30}}],"line":12}},"s":{"0":7},"f":{"0":7},"b":{"0":[6,1]},"_coverageSchema":"1a1c01bbd47fc00a2c39e90264f33305004495a9","hash":"9bd8833d7293f324e9cfbda3015440499fb78f34"}
,"/Users/elghalbzouriadnan/Documents/OpenClassrooms/Projects/project_9_Billed/front/src/views/LoadingPage.js": {"path":"/Users/elghalbzouriadnan/Documents/OpenClassrooms/Projects/project_9_Billed/front/src/views/LoadingPage.js","statementMap":{"0":{"start":{"line":5,"column":2},"end":{"line":12,"column":3}}},"fnMap":{"0":{"name":"(anonymous_0)","decl":{"start":{"line":3,"column":15},"end":{"line":3,"column":16}},"loc":{"start":{"line":3,"column":21},"end":{"line":13,"column":1}},"line":3}},"branchMap":{},"s":{"0":19},"f":{"0":19},"b":{},"_coverageSchema":"1a1c01bbd47fc00a2c39e90264f33305004495a9","hash":"e0b6b413c4ece587b603011163b09a811760dff4"}
,"/Users/elghalbzouriadnan/Documents/OpenClassrooms/Projects/project_9_Billed/front/src/views/LoginUI.js": {"path":"/Users/elghalbzouriadnan/Documents/OpenClassrooms/Projects/project_9_Billed/front/src/views/LoginUI.js","statementMap":{"0":{"start":{"line":4,"column":2},"end":{"line":46,"column":4}}},"fnMap":{"0":{"name":"(anonymous_0)","decl":{"start":{"line":2,"column":15},"end":{"line":2,"column":16}},"loc":{"start":{"line":2,"column":21},"end":{"line":47,"column":1}},"line":2}},"branchMap":{},"s":{"0":20},"f":{"0":20},"b":{},"_coverageSchema":"1a1c01bbd47fc00a2c39e90264f33305004495a9","hash":"f086c4df8f82a5a0fa30efcffa2b224587cb01ca"}
,"/Users/elghalbzouriadnan/Documents/OpenClassrooms/Projects/project_9_Billed/front/src/views/NewBillUI.js": {"path":"/Users/elghalbzouriadnan/Documents/OpenClassrooms/Projects/project_9_Billed/front/src/views/NewBillUI.js","statementMap":{"0":{"start":{"line":5,"column":2},"end":{"line":74,"column":4}}},"fnMap":{"0":{"name":"(anonymous_0)","decl":{"start":{"line":3,"column":15},"end":{"line":3,"column":16}},"loc":{"start":{"line":3,"column":21},"end":{"line":75,"column":1}},"line":3}},"branchMap":{},"s":{"0":5},"f":{"0":5},"b":{},"_coverageSchema":"1a1c01bbd47fc00a2c39e90264f33305004495a9","hash":"e906015c3aa862594b3403d3ac571e51b5de6dd9"}
,"/Users/elghalbzouriadnan/Documents/OpenClassrooms/Projects/project_9_Billed/front/src/views/VerticalLayout.js": {"path":"/Users/elghalbzouriadnan/Documents/OpenClassrooms/Projects/project_9_Billed/front/src/views/VerticalLayout.js","statementMap":{"0":{"start":{"line":7,"column":4},"end":{"line":7,"column":51}},"1":{"start":{"line":8,"column":4},"end":{"line":10,"column":5}},"2":{"start":{"line":9,"column":6},"end":{"line":9,"column":29}},"3":{"start":{"line":11,"column":4},"end":{"line":39,"column":5}},"4":{"start":{"line":12,"column":6},"end":{"line":27,"column":7}},"5":{"start":{"line":29,"column":6},"end":{"line":38,"column":7}}},"fnMap":{"0":{"name":"(anonymous_0)","decl":{"start":{"line":5,"column":15},"end":{"line":5,"column":16}},"loc":{"start":{"line":5,"column":27},"end":{"line":40,"column":1}},"line":5}},"branchMap":{"0":{"loc":{"start":{"line":8,"column":4},"end":{"line":10,"column":5}},"type":"if","locations":[{"start":{"line":8,"column":4},"end":{"line":10,"column":5}},{"start":{"line":8,"column":4},"end":{"line":10,"column":5}}],"line":8},"1":{"loc":{"start":{"line":11,"column":4},"end":{"line":39,"column":5}},"type":"if","locations":[{"start":{"line":11,"column":4},"end":{"line":39,"column":5}},{"start":{"line":11,"column":4},"end":{"line":39,"column":5}}],"line":11},"2":{"loc":{"start":{"line":11,"column":8},"end":{"line":11,"column":40}},"type":"binary-expr","locations":[{"start":{"line":11,"column":8},"end":{"line":11,"column":12}},{"start":{"line":11,"column":16},"end":{"line":11,"column":40}}],"line":11}},"s":{"0":67,"1":67,"2":53,"3":67,"4":37,"5":30},"f":{"0":67},"b":{"0":[53,14],"1":[37,30],"2":[67,53]},"_coverageSchema":"1a1c01bbd47fc00a2c39e90264f33305004495a9","hash":"42f059033db3e59dbb7978197d0b19bfff7c3d18"}
}
