TN:
SF:src/constants/routes.js
FN:13,(anonymous_0)
FNF:1
FNH:1
FNDA:50,(anonymous_0)
DA:6,6
DA:13,6
DA:14,50
DA:16,14
DA:18,15
DA:20,8
DA:22,12
DA:24,1
LF:8
LH:8
BRDA:14,0,0,14
BRDA:14,0,1,15
BRDA:14,0,2,8
BRDA:14,0,3,12
BRDA:14,0,4,1
BRF:5
BRH:5
end_of_record
TN:
SF:src/constants/usersTest.js
FNF:0
FNH:0
LF:0
LH:0
BRF:0
BRH:0
end_of_record
TN:
SF:src/containers/Bills.js
FN:7,(anonymous_0)
FN:17,(anonymous_1)
FN:18,(anonymous_2)
FN:24,(anonymous_3)
FN:28,(anonymous_4)
FN:37,(anonymous_5)
FN:42,(anonymous_6)
FN:44,(anonymous_7)
FNF:8
FNH:8
FNDA:26,(anonymous_0)
FNDA:119,(anonymous_1)
FNDA:1,(anonymous_2)
FNDA:3,(anonymous_3)
FNDA:2,(anonymous_4)
FNDA:10,(anonymous_5)
FNDA:8,(anonymous_6)
FNDA:32,(anonymous_7)
DA:8,26
DA:9,26
DA:10,26
DA:11,26
DA:13,26
DA:15,26
DA:17,26
DA:18,119
DA:21,26
DA:24,26
DA:25,3
DA:28,26
DA:29,2
DA:31,2
DA:32,2
DA:33,2
DA:37,26
DA:38,10
DA:39,10
DA:43,8
DA:45,32
DA:46,32
DA:52,0
DA:59,8
LF:24
LH:23
BRDA:13,0,0,26
BRDA:13,0,1,0
BRDA:17,1,0,26
BRDA:17,1,1,0
BRDA:38,2,0,10
BRDA:38,2,1,0
BRF:6
BRH:3
end_of_record
TN:
SF:src/containers/Dashboard.js
FN:9,(anonymous_0)
FN:11,(anonymous_1)
FN:31,(anonymous_2)
FN:58,(anonymous_3)
FN:60,(anonymous_4)
FN:65,(anonymous_5)
FN:80,(anonymous_6)
FN:85,(anonymous_7)
FN:86,(anonymous_8)
FN:87,(anonymous_9)
FN:93,(anonymous_10)
FN:105,(anonymous_11)
FN:110,(anonymous_12)
FN:128,(anonymous_13)
FN:129,(anonymous_14)
FN:133,(anonymous_15)
FN:147,(anonymous_16)
FN:161,(anonymous_17)
FN:182,(anonymous_18)
FN:183,(anonymous_19)
FN:192,(anonymous_20)
FN:197,(anonymous_21)
FN:199,(anonymous_22)
FN:207,(anonymous_23)
FNF:24
FNH:19
FNDA:44,(anonymous_0)
FNDA:104,(anonymous_1)
FNDA:6,(anonymous_2)
FNDA:6,(anonymous_3)
FNDA:6,(anonymous_4)
FNDA:5,(anonymous_5)
FNDA:14,(anonymous_6)
FNDA:0,(anonymous_7)
FNDA:0,(anonymous_8)
FNDA:0,(anonymous_9)
FNDA:1,(anonymous_10)
FNDA:3,(anonymous_11)
FNDA:8,(anonymous_12)
FNDA:0,(anonymous_13)
FNDA:0,(anonymous_14)
FNDA:1,(anonymous_15)
FNDA:1,(anonymous_16)
FNDA:5,(anonymous_17)
FNDA:20,(anonymous_18)
FNDA:3,(anonymous_19)
FNDA:5,(anonymous_20)
FNDA:3,(anonymous_21)
FNDA:12,(anonymous_22)
FNDA:2,(anonymous_23)
DA:9,6
DA:10,44
DA:14,104
DA:15,104
DA:19,0
DA:20,0
DA:25,104
DA:31,6
DA:32,6
DA:33,6
DA:35,6
DA:38,6
DA:58,6
DA:59,6
DA:60,6
DA:65,6
DA:66,5
DA:68,3
DA:70,1
DA:72,1
DA:74,0
DA:81,14
DA:82,14
DA:83,14
DA:85,14
DA:86,14
DA:87,14
DA:89,14
DA:93,14
DA:94,1
DA:96,1
DA:98,1
DA:100,1
DA:106,3
DA:107,3
DA:109,3
DA:110,2
DA:111,8
DA:113,2
DA:114,2
DA:115,2
DA:116,2
DA:118,1
DA:120,1
DA:124,1
DA:125,1
DA:127,3
DA:128,3
DA:129,3
DA:133,14
DA:134,1
DA:140,1
DA:142,1
DA:147,14
DA:148,1
DA:154,1
DA:156,1
DA:162,5
DA:163,5
DA:165,5
DA:167,5
DA:169,5
DA:171,5
DA:173,0
DA:175,0
DA:177,0
DA:182,5
DA:183,20
DA:187,5
DA:192,14
DA:193,5
DA:194,5
DA:198,3
DA:199,12
DA:205,3
DA:208,2
LF:76
LH:70
BRDA:10,0,0,26
BRDA:10,0,1,18
BRDA:10,1,0,44
BRDA:10,1,1,26
BRDA:14,2,0,104
BRDA:14,2,1,0
BRDA:21,3,0,0
BRDA:21,3,1,0
BRDA:33,4,0,0
BRDA:33,4,1,6
BRDA:35,5,0,0
BRDA:35,5,1,6
BRDA:59,6,0,5
BRDA:59,6,1,1
BRDA:59,7,0,6
BRDA:59,7,1,6
BRDA:66,8,0,3
BRDA:66,8,1,1
BRDA:66,8,2,1
BRDA:66,8,3,0
BRDA:100,9,0,0
BRDA:100,9,1,1
BRDA:106,10,0,2
BRDA:106,10,1,1
BRDA:106,11,0,3
BRDA:106,11,1,3
BRDA:107,12,0,2
BRDA:107,12,1,1
BRDA:107,13,0,3
BRDA:107,13,1,1
BRDA:109,14,0,2
BRDA:109,14,1,1
BRDA:162,15,0,5
BRDA:162,15,1,0
BRDA:162,16,0,5
BRDA:162,16,1,2
BRDA:163,17,0,5
BRDA:163,17,1,0
BRDA:163,18,0,5
BRDA:163,18,1,2
BRDA:165,19,0,5
BRDA:165,19,1,0
BRDA:193,20,0,5
BRDA:193,20,1,0
BRF:44
BRH:33
end_of_record
TN:
SF:src/containers/Login.js
FN:7,(anonymous_0)
FN:18,(anonymous_1)
FN:29,(anonymous_2)
FN:31,(anonymous_3)
FN:40,(anonymous_4)
FN:52,(anonymous_5)
FN:54,(anonymous_6)
FN:63,(anonymous_7)
FN:69,(anonymous_8)
FN:78,(anonymous_9)
FN:88,(anonymous_10)
FNF:11
FNH:5
FNDA:5,(anonymous_0)
FNDA:2,(anonymous_1)
FNDA:0,(anonymous_2)
FNDA:2,(anonymous_3)
FNDA:2,(anonymous_4)
FNDA:0,(anonymous_5)
FNDA:2,(anonymous_6)
FNDA:0,(anonymous_7)
FNDA:0,(anonymous_8)
FNDA:0,(anonymous_9)
FNDA:0,(anonymous_10)
DA:3,4
DA:8,5
DA:9,5
DA:10,5
DA:11,5
DA:12,5
DA:13,5
DA:14,5
DA:15,5
DA:16,5
DA:18,5
DA:19,2
DA:20,2
DA:26,2
DA:27,2
DA:29,0
DA:32,2
DA:33,2
DA:34,2
DA:35,2
DA:40,5
DA:41,2
DA:42,2
DA:49,2
DA:50,2
DA:52,0
DA:55,2
DA:56,2
DA:57,2
DA:58,2
DA:63,5
DA:64,0
DA:65,0
DA:70,0
DA:73,0
DA:78,5
DA:79,0
DA:80,0
DA:89,0
DA:90,0
DA:93,0
LF:41
LH:30
BRDA:64,0,0,0
BRDA:64,0,1,0
BRDA:79,1,0,0
BRDA:79,1,1,0
BRF:4
BRH:0
end_of_record
TN:
SF:src/containers/Logout.js
FN:4,(anonymous_0)
FN:11,(anonymous_1)
FNF:2
FNH:2
FNDA:48,(anonymous_0)
FNDA:2,(anonymous_1)
DA:5,48
DA:6,48
DA:7,48
DA:8,48
DA:11,48
DA:12,2
DA:13,2
LF:7
LH:7
BRF:0
BRH:0
end_of_record
TN:
SF:src/containers/NewBill.js
FN:5,(anonymous_0)
FN:15,(anonymous_1)
FN:35,(anonymous_2)
FN:67,(anonymous_3)
FN:71,(anonymous_4)
FN:73,(anonymous_5)
FN:95,(anonymous_6)
FN:100,(anonymous_7)
FN:103,(anonymous_8)
FNF:9
FNH:2
FNDA:7,(anonymous_0)
FNDA:1,(anonymous_1)
FNDA:0,(anonymous_2)
FNDA:0,(anonymous_3)
FNDA:0,(anonymous_4)
FNDA:0,(anonymous_5)
FNDA:0,(anonymous_6)
FNDA:0,(anonymous_7)
FNDA:0,(anonymous_8)
DA:6,7
DA:7,7
DA:8,7
DA:9,7
DA:10,7
DA:12,7
DA:15,7
DA:16,1
DA:20,1
DA:21,0
DA:24,1
DA:28,7
DA:29,7
DA:30,7
DA:31,7
DA:32,7
DA:35,7
DA:36,0
DA:38,0
DA:39,0
DA:40,0
DA:41,0
DA:45,0
DA:46,0
DA:49,0
DA:50,0
DA:54,0
DA:55,0
DA:56,0
DA:57,0
DA:59,0
DA:68,0
DA:69,0
DA:70,0
DA:71,0
DA:73,7
DA:74,0
DA:75,0
DA:76,0
DA:77,0
DA:90,0
DA:91,0
DA:95,7
DA:96,0
DA:97,0
DA:101,0
DA:103,0
LF:47
LH:18
BRDA:20,0,0,0
BRDA:20,0,1,1
BRDA:45,1,0,0
BRDA:45,1,1,0
BRDA:84,2,0,0
BRDA:84,2,1,0
BRDA:96,3,0,0
BRDA:96,3,1,0
BRF:8
BRH:1
end_of_record
TN:
SF:src/views/Actions.js
FN:4,(anonymous_0)
FNF:1
FNH:1
FNDA:67,(anonymous_0)
DA:5,67
LF:1
LH:1
BRF:0
BRH:0
end_of_record
TN:
SF:src/views/BillsUI.js
FN:9,(anonymous_0)
FN:27,(anonymous_1)
FN:34,(anonymous_2)
FN:34,(anonymous_3)
FN:42,(anonymous_4)
FN:44,(anonymous_5)
FNF:6
FNH:6
FNDA:65,(anonymous_0)
FNDA:20,(anonymous_1)
FNDA:75,(anonymous_2)
FNDA:65,(anonymous_3)
FNDA:32,(anonymous_4)
FNDA:20,(anonymous_5)
DA:9,6
DA:10,65
DA:27,6
DA:29,20
DA:34,75
DA:44,32
DA:61,32
DA:62,10
DA:63,22
DA:64,2
DA:67,20
LF:11
LH:11
BRDA:29,0,0,17
BRDA:29,0,1,3
BRDA:29,1,0,20
BRDA:29,1,1,18
BRDA:61,2,0,10
BRDA:61,2,1,22
BRDA:63,3,0,2
BRDA:63,3,1,20
BRF:8
BRH:8
end_of_record
TN:
SF:src/views/DashboardFormUI.js
FN:7,(anonymous_0)
FN:24,(anonymous_1)
FNF:2
FNH:2
FNDA:9,(anonymous_0)
FNDA:9,(anonymous_1)
DA:7,9
DA:26,9
LF:2
LH:2
BRDA:79,0,0,6
BRDA:79,0,1,3
BRDA:92,1,0,6
BRDA:92,1,1,3
BRF:4
BRH:4
end_of_record
TN:
SF:src/views/DashboardUI.js
FN:8,(anonymous_0)
FNF:1
FNH:1
FNDA:21,(anonymous_0)
DA:10,21
DA:11,6
DA:12,15
DA:13,3
DA:16,12
LF:5
LH:5
BRDA:10,0,0,6
BRDA:10,0,1,15
BRDA:12,1,0,3
BRDA:12,1,1,12
BRDA:22,2,0,12
BRDA:22,2,1,7
BRDA:29,3,0,12
BRDA:29,3,1,7
BRDA:36,4,0,12
BRDA:36,4,1,7
BRF:10
BRH:10
end_of_record
TN:
SF:src/views/ErrorPage.js
FN:3,(anonymous_0)
FNF:1
FNH:1
FNDA:7,(anonymous_0)
DA:4,7
LF:1
LH:1
BRDA:12,0,0,6
BRDA:12,0,1,1
BRF:2
BRH:2
end_of_record
TN:
SF:src/views/LoadingPage.js
FN:3,(anonymous_0)
FNF:1
FNH:1
FNDA:17,(anonymous_0)
DA:5,17
LF:1
LH:1
BRF:0
BRH:0
end_of_record
TN:
SF:src/views/LoginUI.js
FN:2,(anonymous_0)
FNF:1
FNH:1
FNDA:21,(anonymous_0)
DA:4,21
LF:1
LH:1
BRF:0
BRH:0
end_of_record
TN:
SF:src/views/NewBillUI.js
FN:3,(anonymous_0)
FNF:1
FNH:1
FNDA:8,(anonymous_0)
DA:5,8
LF:1
LH:1
BRF:0
BRH:0
end_of_record
TN:
SF:src/views/VerticalLayout.js
FN:5,(anonymous_0)
FNF:1
FNH:1
FNDA:65,(anonymous_0)
DA:7,65
DA:8,65
DA:9,51
DA:11,65
DA:12,36
DA:29,29
LF:6
LH:6
BRDA:8,0,0,51
BRDA:8,0,1,14
BRDA:11,1,0,36
BRDA:11,1,1,29
BRDA:11,2,0,65
BRDA:11,2,1,52
BRF:6
BRH:6
end_of_record
